[     266ms] ReferenceError: HorizontalScrollSection is not defined
    at Projects (http://localhost:5174/src/pages/Projects.jsx?t=1771241988437:485:132)
    at renderWithHooks (http://localhost:5174/node_modules/.vite/deps/chunk-PJEEZAML.js?v=c9a28328:11548:26)
    at mountIndeterminateComponent (http://localhost:5174/node_modules/.vite/deps/chunk-PJEEZAML.js?v=c9a28328:14926:21)
    at beginWork (http://localhost:5174/node_modules/.vite/deps/chunk-PJEEZAML.js?v=c9a28328:15914:22)
    at HTMLUnknownElement.callCallback2 (http://localhost:5174/node_modules/.vite/deps/chunk-PJEEZAML.js?v=c9a28328:3674:22)
    at Object.invokeGuardedCallbackDev (http://localhost:5174/node_modules/.vite/deps/chunk-PJEEZAML.js?v=c9a28328:3699:24)
    at invokeGuardedCallback (http://localhost:5174/node_modules/.vite/deps/chunk-PJEEZAML.js?v=c9a28328:3733:39)
    at beginWork$1 (http://localhost:5174/node_modules/.vite/deps/chunk-PJEEZAML.js?v=c9a28328:19765:15)
    at performUnitOfWork (http://localhost:5174/node_modules/.vite/deps/chunk-PJEEZAML.js?v=c9a28328:19198:20)
    at workLoopSync (http://localhost:5174/node_modules/.vite/deps/chunk-PJEEZAML.js?v=c9a28328:19137:13)
[     269ms] ReferenceError: HorizontalScrollSection is not defined
    at Projects (http://localhost:5174/src/pages/Projects.jsx?t=1771241988437:485:132)
    at renderWithHooks (http://localhost:5174/node_modules/.vite/deps/chunk-PJEEZAML.js?v=c9a28328:11548:26)
    at mountIndeterminateComponent (http://localhost:5174/node_modules/.vite/deps/chunk-PJEEZAML.js?v=c9a28328:14926:21)
    at beginWork (http://localhost:5174/node_modules/.vite/deps/chunk-PJEEZAML.js?v=c9a28328:15914:22)
    at HTMLUnknownElement.callCallback2 (http://localhost:5174/node_modules/.vite/deps/chunk-PJEEZAML.js?v=c9a28328:3674:22)
    at Object.invokeGuardedCallbackDev (http://localhost:5174/node_modules/.vite/deps/chunk-PJEEZAML.js?v=c9a28328:3699:24)
    at invokeGuardedCallback (http://localhost:5174/node_modules/.vite/deps/chunk-PJEEZAML.js?v=c9a28328:3733:39)
    at beginWork$1 (http://localhost:5174/node_modules/.vite/deps/chunk-PJEEZAML.js?v=c9a28328:19765:15)
    at performUnitOfWork (http://localhost:5174/node_modules/.vite/deps/chunk-PJEEZAML.js?v=c9a28328:19198:20)
    at workLoopSync (http://localhost:5174/node_modules/.vite/deps/chunk-PJEEZAML.js?v=c9a28328:19137:13)
[     278ms] [ERROR] The above error occurred in the <Projects> component:

    at Projects (http://localhost:5174/src/pages/Projects.jsx?t=1771241988437:327:31)
    at div
    at MotionComponent (http://localhost:5174/node_modules/.vite/deps/framer-motion.js?v=c9a28328:945:40)
    at PageWrapper (http://localhost:5174/src/App.jsx?t=1771242038104:236:24)
    at RenderedRoute (http://localhost:5174/node_modules/.vite/deps/react-router-dom.js?v=c9a28328:4131:5)
    at Routes (http://localhost:5174/node_modules/.vite/deps/react-router-dom.js?v=c9a28328:4601:5)
    at PresenceChild (http://localhost:5174/node_modules/.vite/deps/framer-motion.js?v=c9a28328:121:24)
    at AnimatePresence (http://localhost:5174/node_modules/.vite/deps/framer-motion.js?v=c9a28328:210:26)
    at AnimatedRoutes (http://localhost:5174/src/App.jsx?t=1771242038104:38:20)
    at main
    at div
    at Layout (http://localhost:5174/src/components/Layout.jsx:577:26)
    at Router (http://localhost:5174/node_modules/.vite/deps/react-router-dom.js?v=c9a28328:4544:15)
    at BrowserRouter (http://localhost:5174/node_modules/.vite/deps/react-router-dom.js?v=c9a28328:5290:5)
    at App

Consider adding an error boundary to your tree to customize error handling behavior.
Visit https://reactjs.org/link/error-boundaries to learn more about error boundaries. @ http://localhost:5174/node_modules/.vite/deps/chunk-PJEEZAML.js?v=c9a28328:14031
[     280ms] ReferenceError: HorizontalScrollSection is not defined
    at Projects (http://localhost:5174/src/pages/Projects.jsx?t=1771241988437:485:132)
    at renderWithHooks (http://localhost:5174/node_modules/.vite/deps/chunk-PJEEZAML.js?v=c9a28328:11548:26)
    at mountIndeterminateComponent (http://localhost:5174/node_modules/.vite/deps/chunk-PJEEZAML.js?v=c9a28328:14926:21)
    at beginWork (http://localhost:5174/node_modules/.vite/deps/chunk-PJEEZAML.js?v=c9a28328:15914:22)
    at beginWork$1 (http://localhost:5174/node_modules/.vite/deps/chunk-PJEEZAML.js?v=c9a28328:19753:22)
    at performUnitOfWork (http://localhost:5174/node_modules/.vite/deps/chunk-PJEEZAML.js?v=c9a28328:19198:20)
    at workLoopSync (http://localhost:5174/node_modules/.vite/deps/chunk-PJEEZAML.js?v=c9a28328:19137:13)
    at renderRootSync (http://localhost:5174/node_modules/.vite/deps/chunk-PJEEZAML.js?v=c9a28328:19116:15)
    at recoverFromConcurrentError (http://localhost:5174/node_modules/.vite/deps/chunk-PJEEZAML.js?v=c9a28328:18736:28)
    at performConcurrentWorkOnRoot (http://localhost:5174/node_modules/.vite/deps/chunk-PJEEZAML.js?v=c9a28328:18684:30)
[   31494ms] [WARNING] ⚠️ React Router Future Flag Warning: React Router will begin wrapping state updates in `React.startTransition` in v7. You can use the `v7_startTransition` future flag to opt-in early. For more information, see https://reactrouter.com/v6/upgrading/future#v7_starttransition. @ http://localhost:5174/node_modules/.vite/deps/react-router-dom.js?v=c9a28328:4435
[   31495ms] [WARNING] ⚠️ React Router Future Flag Warning: Relative route resolution within Splat routes is changing in v7. You can use the `v7_relativeSplatPath` future flag to opt-in early. For more information, see https://reactrouter.com/v6/upgrading/future#v7_relativesplatpath. @ http://localhost:5174/node_modules/.vite/deps/react-router-dom.js?v=c9a28328:4435
[   31554ms] [WARNING] Please ensure that the container has a non-static position, like 'relative', 'fixed', or 'absolute' to ensure scroll offset is calculated correctly. @ http://localhost:5174/node_modules/.vite/deps/framer-motion.js?v=c9a28328:695
